<?xml version="1.0" encoding="UTF-8"?>
<!-- Generated by org.testng.reporters.JUnitXMLReporter -->
<testsuite hostname="LAPTOP-4FHIGJS1" ignored="0" name="Test" tests="4" failures="0" timestamp="20 Aug 2020 11:36:00 GMT" time="0.073" errors="0">
  <testcase name="primeNumberTest" time="0.018" classname="Logic.PrimeNumber"/>
  <testcase name="sortList" time="0.004" classname="Logic.SortingTest"/>
  <testcase name="fileterDuplicateElements" time="0.003" classname="Logic.DuplicateElements"/>
  <testcase name="reversenumber" time="0.004" classname="Logic.ReverseNumber"/>
</testsuite> <!-- Test -->
