<?xml version="1.0" encoding="UTF-8"?>
<!-- Generated by org.testng.reporters.JUnitXMLReporter -->
<testsuite hostname="LAPTOP-4FHIGJS1" ignored="0" name="Test" tests="4" failures="0" timestamp="21 Aug 2020 10:05:07 GMT" time="0.028" errors="0">
  <testcase name="reversenumber" time="0.008" classname="Logic.ReverseNumberTest"/>
  <testcase name="sortList" time="0.001" classname="Logic.SortingTest"/>
  <testcase name="primeNumberTest" time="0.0" classname="Logic.PrimeNumberTest"/>
  <testcase name="fileterDuplicateElements" time="0.001" classname="Logic.DuplicateElementsTest"/>
</testsuite> <!-- Test -->
