<?xml version="1.0" encoding="UTF-8"?>
<testsuite xmlns:xsi="http://www.w3.org/2001/XMLSchema-instance" xsi:noNamespaceSchemaLocation="https://maven.apache.org/surefire/maven-surefire-plugin/xsd/surefire-test-report-3.0.xsd" version="3.0" name="TestSuite" time="1.134" tests="4" errors="0" skipped="0" failures="0">
  <properties>
[...]
</properties>
  <testcase name="reversenumber" classname="Logic.ReverseNumberTest" time="0.084"/>
  <testcase name="sortList" classname="Logic.SortingTest" time="0.443"/>
  <testcase name="primeNumberTest" classname="Logic.PrimeNumberTest" time="0.017"/>
  <testcase name="fileterDuplicateElements" classname="Logic.DuplicateElementsTest" time="0.182"/>
</testsuite>