<?xml version="1.0" encoding="UTF-8"?>
<testng-results skipped="0" failed="0" ignored="0" total="1" passed="1">
  <reporter-output>
  </reporter-output>
  <suite name="Default suite" duration-ms="41" started-at="2020-08-21T10:24:13Z" finished-at="2020-08-21T10:24:13Z">
    <groups>
    </groups>
    <test name="Default test" duration-ms="41" started-at="2020-08-21T10:24:13Z" finished-at="2020-08-21T10:24:13Z">
      <class name="Logic.MaxValues">
        <test-method status="PASS" signature="maxValues()[pri:0, instance:Logic.MaxValues@4dfa3a9d]" name="maxValues" duration-ms="12" started-at="2020-08-21T10:24:13Z" finished-at="2020-08-21T10:24:13Z">
          <reporter-output>
          </reporter-output>
        </test-method> <!-- maxValues -->
      </class> <!-- Logic.MaxValues -->
    </test> <!-- Default test -->
  </suite> <!-- Default suite -->
</testng-results>
